1536302602576	geckodriver	INFO	geckodriver 0.19.1
1536302602585	geckodriver	INFO	Listening on 127.0.0.1:51834
1536302603681	mozrunner::runner	INFO	Running command: "/Applications/Firefox.app/Contents/MacOS/firefox-bin" "-marionette" "-profile" "/var/folders/3l/b89mc68x1wgc75399cb0tbdm0000gn/T/rust_mozprofile.XrBLI1B7LVdX"
2018-09-07 14:43:30.656 plugin-container[18765:1080473] *** CFMessagePort: bootstrap_register(): failed 1100 (0x44c) 'Permission denied', port = 0x743b, name = 'com.apple.tsm.portname'
See /usr/include/servers/bootstrap_defs.h for the error codes.
2018-09-07 14:43:31.129 plugin-container[18766:1080502] *** CFMessagePort: bootstrap_register(): failed 1100 (0x44c) 'Permission denied', port = 0x7b3f, name = 'com.apple.tsm.portname'
See /usr/include/servers/bootstrap_defs.h for the error codes.
1536302611757	Marionette	INFO	Listening on port 51847
2018-09-07 14:43:31.907 plugin-container[18767:1080704] *** CFMessagePort: bootstrap_register(): failed 1100 (0x44c) 'Permission denied', port = 0x9043, name = 'com.apple.tsm.portname'
See /usr/include/servers/bootstrap_defs.h for the error codes.
1536302614400	Marionette	INFO	Stopped listening on port 51847
1536302618349	geckodriver	INFO	geckodriver 0.19.1
1536302618354	geckodriver	INFO	Listening on 127.0.0.1:51871
1536302619442	mozrunner::runner	INFO	Running command: "/Applications/Firefox.app/Contents/MacOS/firefox-bin" "-marionette" "-profile" "/var/folders/3l/b89mc68x1wgc75399cb0tbdm0000gn/T/rust_mozprofile.XGkWjaYHadSG"
2018-09-07 14:43:41.294 plugin-container[18774:1080968] *** CFMessagePort: bootstrap_register(): failed 1100 (0x44c) 'Permission denied', port = 0x863f, name = 'com.apple.tsm.portname'
See /usr/include/servers/bootstrap_defs.h for the error codes.
2018-09-07 14:43:41.510 plugin-container[18775:1080991] *** CFMessagePort: bootstrap_register(): failed 1100 (0x44c) 'Permission denied', port = 0x8407, name = 'com.apple.tsm.portname'
See /usr/include/servers/bootstrap_defs.h for the error codes.
1536302621915	Marionette	INFO	Listening on port 51882
1536302621987	Marionette	WARN	TLS certificate errors will be ignored for this session
1536302622044	Marionette	DEBUG	[4294967297] Frame script loaded
1536302622083	Marionette	DEBUG	[4294967297] Frame script registered
1536302622113	Marionette	DEBUG	[4294967297] Received DOM event beforeunload for about:blank
1536302622142	Marionette	DEBUG	[4294967297] Received DOM event pagehide for about:blank
2018-09-07 14:43:42.648 plugin-container[18776:1081098] *** CFMessagePort: bootstrap_register(): failed 1100 (0x44c) 'Permission denied', port = 0x943f, name = 'com.apple.tsm.portname'
See /usr/include/servers/bootstrap_defs.h for the error codes.
1536302622780	Marionette	DEBUG	[4294967297] Received DOM event DOMContentLoaded for http://pms.sustc.edu.cn/
1536302623048	Marionette	DEBUG	[4294967297] Received DOM event pageshow for http://pms.sustc.edu.cn/
1536302623622	Marionette	DEBUG	[4294967297] Canceled page load listener because no navigation has been detected
1536302623809	geckodriver	INFO	geckodriver 0.19.1
1536302623824	geckodriver	INFO	Listening on 127.0.0.1:51955
1536302624925	mozrunner::runner	INFO	Running command: "/Applications/Firefox.app/Contents/MacOS/firefox-bin" "-marionette" "-profile" "/var/folders/3l/b89mc68x1wgc75399cb0tbdm0000gn/T/rust_mozprofile.GGnUeo5c7Ckm"
1536302625112	geckodriver	INFO	geckodriver 0.19.1
1536302625120	geckodriver	INFO	Listening on 127.0.0.1:51974
1536302625282	Marionette	DEBUG	[4294967297] Canceled page load listener because no navigation has been detected
1536302625332	Marionette	DEBUG	[4294967297] Received DOM event beforeunload for http://pms.sustc.edu.cn/
1536302625448	Marionette	DEBUG	[4294967297] Received DOM event pagehide for http://pms.sustc.edu.cn/
1536302625457	Marionette	DEBUG	[4294967297] Received DOM event unload for http://pms.sustc.edu.cn/
1536302625628	Marionette	DEBUG	[4294967297] Received observer notification outer-window-destroyed for 4294967301
1536302625832	Marionette	DEBUG	[4294967297] Received DOM event DOMContentLoaded for http://pms.sustc.edu.cn/
1536302625941	Marionette	DEBUG	[4294967297] Received DOM event pageshow for http://pms.sustc.edu.cn/
1536302626220	Marionette	DEBUG	[4294967297] Canceled page load listener because no navigation has been detected
1536302626277	mozrunner::runner	INFO	Running command: "/Applications/Firefox.app/Contents/MacOS/firefox-bin" "-marionette" "-profile" "/var/folders/3l/b89mc68x1wgc75399cb0tbdm0000gn/T/rust_mozprofile.i6JRxI6RvNrS"
1536302627831	geckodriver	INFO	geckodriver 0.19.1
1536302627839	geckodriver	INFO	Listening on 127.0.0.1:52066
1536302628012	mozrunner::runner	INFO	Running command: "/Applications/Firefox.app/Contents/MacOS/firefox-bin" "-marionette" "-profile" "/var/folders/3l/b89mc68x1wgc75399cb0tbdm0000gn/T/rust_mozprofile.TRvHmV2vNk5l"
1536302628717	Marionette	DEBUG	[4294967297] Canceled page load listener because no navigation has been detected
1536302628897	Marionette	DEBUG	[4294967297] Received DOM event beforeunload for http://pms.sustc.edu.cn/upload.aspx?sid=636719282250782410
2018-09-07 14:43:49.302 plugin-container[18816:1081456] *** CFMessagePort: bootstrap_register(): failed 1100 (0x44c) 'Permission denied', port = 0x8847, name = 'com.apple.tsm.portname'
See /usr/include/servers/bootstrap_defs.h for the error codes.
1536302630193	Marionette	DEBUG	[4294967297] Received DOM event pagehide for http://pms.sustc.edu.cn/upload.aspx?sid=636719282250782410
1536302630194	Marionette	DEBUG	[4294967297] Received DOM event unload for http://pms.sustc.edu.cn/upload.aspx?sid=636719282250782410
1536302630287	Marionette	DEBUG	[4294967297] Received DOM event DOMContentLoaded for http://pms.sustc.edu.cn/upload.aspx?sid=636719282250782410
2018-09-07 14:43:50.396 plugin-container[18818:1081526] *** CFMessagePort: bootstrap_register(): failed 1100 (0x44c) 'Permission denied', port = 0x7b47, name = 'com.apple.tsm.portname'
See /usr/include/servers/bootstrap_defs.h for the error codes.
1536302630602	Marionette	DEBUG	[4294967297] Received DOM event pageshow for http://pms.sustc.edu.cn/upload.aspx?sid=636719282250782410
2018-09-07 14:43:50.967 plugin-container[18826:1081590] *** CFMessagePort: bootstrap_register(): failed 1100 (0x44c) 'Permission denied', port = 0x7347, name = 'com.apple.tsm.portname'
See /usr/include/servers/bootstrap_defs.h for the error codes.
1536302632109	geckodriver	INFO	geckodriver 0.19.1
1536302632117	geckodriver	INFO	Listening on 127.0.0.1:52330
1536302632381	Marionette	INFO	Listening on port 51968
2018-09-07 14:43:52.400 plugin-container[18828:1081696] *** CFMessagePort: bootstrap_register(): failed 1100 (0x44c) 'Permission denied', port = 0x8c47, name = 'com.apple.tsm.portname'
See /usr/include/servers/bootstrap_defs.h for the error codes.
1536302632527	Marionette	WARN	TLS certificate errors will be ignored for this session
1536302632631	Marionette	DEBUG	[4294967297] Frame script loaded
1536302632660	Marionette	DEBUG	[4294967297] Frame script registered
1536302632714	Marionette	DEBUG	[4294967297] Received DOM event beforeunload for about:blank
1536302632912	Marionette	DEBUG	[4294967297] Received DOM event pagehide for about:blank
1536302632924	Marionette	DEBUG	[4294967297] Received DOM event DOMContentLoaded for http://pms.sustc.edu.cn/
1536302633208	Marionette	DEBUG	[4294967297] Received DOM event pageshow for http://pms.sustc.edu.cn/
2018-09-07 14:43:53.548 plugin-container[18836:1081784] *** CFMessagePort: bootstrap_register(): failed 1100 (0x44c) 'Permission denied', port = 0x7343, name = 'com.apple.tsm.portname'
See /usr/include/servers/bootstrap_defs.h for the error codes.
1536302633820	mozrunner::runner	INFO	Running command: "/Applications/Firefox.app/Contents/MacOS/firefox-bin" "-marionette" "-profile" "/var/folders/3l/b89mc68x1wgc75399cb0tbdm0000gn/T/rust_mozprofile.td8SLVjSJkoj"
1536302634258	Marionette	INFO	Listening on port 52006
1536302634282	Marionette	WARN	TLS certificate errors will be ignored for this session
1536302634385	Marionette	DEBUG	[4294967297] Frame script loaded
1536302634413	Marionette	DEBUG	[4294967297] Frame script registered
1536302634632	Marionette	DEBUG	[4294967297] Received DOM event beforeunload for about:blank
1536302634921	Marionette	DEBUG	[4294967297] Received DOM event pagehide for about:blank
1536302634937	Marionette	DEBUG	[4294967297] Received DOM event DOMContentLoaded for http://pms.sustc.edu.cn/
1536302635049	Marionette	DEBUG	[4294967297] Received DOM event pageshow for http://pms.sustc.edu.cn/
2018-09-07 14:43:55.293 plugin-container[18843:1081940] *** CFMessagePort: bootstrap_register(): failed 1100 (0x44c) 'Permission denied', port = 0x6f2f, name = 'com.apple.tsm.portname'
See /usr/include/servers/bootstrap_defs.h for the error codes.
1536302635374	geckodriver	INFO	geckodriver 0.19.1
1536302635385	geckodriver	INFO	Listening on 127.0.0.1:52494
2018-09-07 14:43:56.045 plugin-container[18851:1081984] *** CFMessagePort: bootstrap_register(): failed 1100 (0x44c) 'Permission denied', port = 0x900b, name = 'com.apple.tsm.portname'
See /usr/include/servers/bootstrap_defs.h for the error codes.
1536302636133	mozrunner::runner	INFO	Running command: "/Applications/Firefox.app/Contents/MacOS/firefox-bin" "-marionette" "-profile" "/var/folders/3l/b89mc68x1wgc75399cb0tbdm0000gn/T/rust_mozprofile.5IqveoYbu2wF"
1536302637573	geckodriver	INFO	geckodriver 0.19.1
1536302637582	geckodriver	INFO	Listening on 127.0.0.1:52618
2018-09-07 14:43:57.644 plugin-container[18857:1082071] *** CFMessagePort: bootstrap_register(): failed 1100 (0x44c) 'Permission denied', port = 0x8747, name = 'com.apple.tsm.portname'
See /usr/include/servers/bootstrap_defs.h for the error codes.
1536302638884	mozrunner::runner	INFO	Running command: "/Applications/Firefox.app/Contents/MacOS/firefox-bin" "-marionette" "-profile" "/var/folders/3l/b89mc68x1wgc75399cb0tbdm0000gn/T/rust_mozprofile.4Xs2Krl5VFzV"
1536302639405	Marionette	INFO	Listening on port 52079
1536302639584	Marionette	WARN	TLS certificate errors will be ignored for this session
1536302639657	Marionette	DEBUG	[4294967297] Frame script loaded
1536302639670	geckodriver	INFO	geckodriver 0.19.1
1536302639677	geckodriver	INFO	Listening on 127.0.0.1:52760
1536302639813	Marionette	DEBUG	[4294967297] Frame script registered
1536302639857	Marionette	DEBUG	[4294967297] Received DOM event beforeunload for about:blank
1536302640048	Marionette	DEBUG	[4294967297] Received DOM event pagehide for about:blank
1536302640064	Marionette	DEBUG	[4294967297] Received DOM event DOMContentLoaded for http://pms.sustc.edu.cn/
1536302640206	Marionette	DEBUG	[4294967297] Received DOM event pageshow for http://pms.sustc.edu.cn/
2018-09-07 14:44:00.427 plugin-container[18878:1082304] *** CFMessagePort: bootstrap_register(): failed 1100 (0x44c) 'Permission denied', port = 0x7043, name = 'com.apple.tsm.portname'
See /usr/include/servers/bootstrap_defs.h for the error codes.
1536302640621	Marionette	DEBUG	[4294967297] Received DOM event beforeunload for http://pms.sustc.edu.cn/
1536302640633	Marionette	DEBUG	[4294967297] Received DOM event pagehide for http://pms.sustc.edu.cn/
1536302640634	Marionette	DEBUG	[4294967297] Received DOM event unload for http://pms.sustc.edu.cn/
1536302640642	Marionette	DEBUG	[4294967297] Received DOM event DOMContentLoaded for http://pms.sustc.edu.cn/
1536302640656	Marionette	DEBUG	[4294967297] Received DOM event pageshow for http://pms.sustc.edu.cn/
1536302641727	mozrunner::runner	INFO	Running command: "/Applications/Firefox.app/Contents/MacOS/firefox-bin" "-marionette" "-profile" "/var/folders/3l/b89mc68x1wgc75399cb0tbdm0000gn/T/rust_mozprofile.U1DEf0jNNXxX"
2018-09-07 14:44:02.503 plugin-container[18885:1082438] *** CFMessagePort: bootstrap_register(): failed 1100 (0x44c) 'Permission denied', port = 0x8947, name = 'com.apple.tsm.portname'
See /usr/include/servers/bootstrap_defs.h for the error codes.
1536302643474	geckodriver	INFO	geckodriver 0.19.1
1536302643482	geckodriver	INFO	Listening on 127.0.0.1:52991
2018-09-07 14:44:04.198 plugin-container[18894:1082528] *** CFMessagePort: bootstrap_register(): failed 1100 (0x44c) 'Permission denied', port = 0x8b47, name = 'com.apple.tsm.portname'
See /usr/include/servers/bootstrap_defs.h for the error codes.
2018-09-07 14:44:04.829 plugin-container[18895:1082614] *** CFMessagePort: bootstrap_register(): failed 1100 (0x44c) 'Permission denied', port = 0x7747, name = 'com.apple.tsm.portname'
See /usr/include/servers/bootstrap_defs.h for the error codes.
1536302645033	mozrunner::runner	INFO	Running command: "/Applications/Firefox.app/Contents/MacOS/firefox-bin" "-marionette" "-profile" "/var/folders/3l/b89mc68x1wgc75399cb0tbdm0000gn/T/rust_mozprofile.VHfWdphe7M3V"
1536302646209	Marionette	INFO	Listening on port 52411
1536302646325	Marionette	WARN	TLS certificate errors will be ignored for this session
1536302646441	Marionette	DEBUG	[4294967297] Frame script loaded
1536302646523	Marionette	DEBUG	[4294967297] Frame script registered
1536302646552	Marionette	DEBUG	[4294967297] Received DOM event beforeunload for about:blank
1536302646681	geckodriver	INFO	geckodriver 0.19.1
1536302646692	geckodriver	INFO	Listening on 127.0.0.1:53236
2018-09-07 14:44:07.395 plugin-container[18908:1082719] *** CFMessagePort: bootstrap_register(): failed 1100 (0x44c) 'Permission denied', port = 0x7843, name = 'com.apple.tsm.portname'
See /usr/include/servers/bootstrap_defs.h for the error codes.
2018-09-07 14:44:07.412 plugin-container[18910:1082811] *** CFMessagePort: bootstrap_register(): failed 1100 (0x44c) 'Permission denied', port = 0x8943, name = 'com.apple.tsm.portname'
See /usr/include/servers/bootstrap_defs.h for the error codes.
1536302647934	mozrunner::runner	INFO	Running command: "/Applications/Firefox.app/Contents/MacOS/firefox-bin" "-marionette" "-profile" "/var/folders/3l/b89mc68x1wgc75399cb0tbdm0000gn/T/rust_mozprofile.gd2BJysNR6cG"
1536302648532	Marionette	INFO	Listening on port 52514
2018-09-07 14:44:08.664 plugin-container[18912:1082885] *** CFMessagePort: bootstrap_register(): failed 1100 (0x44c) 'Permission denied', port = 0x7a3f, name = 'com.apple.tsm.portname'
See /usr/include/servers/bootstrap_defs.h for the error codes.
1536302648712	Marionette	WARN	TLS certificate errors will be ignored for this session
1536302648891	Marionette	DEBUG	[4294967297] Frame script loaded
1536302648941	Marionette	DEBUG	[4294967297] Frame script registered
1536302649070	Marionette	DEBUG	[4294967297] Received DOM event beforeunload for about:blank
1536302650688	geckodriver	INFO	geckodriver 0.19.1
1536302650701	geckodriver	INFO	Listening on 127.0.0.1:53460
2018-09-07 14:44:11.000 plugin-container[18924:1083021] *** CFMessagePort: bootstrap_register(): failed 1100 (0x44c) 'Permission denied', port = 0x853f, name = 'com.apple.tsm.portname'
See /usr/include/servers/bootstrap_defs.h for the error codes.
1536302652743	mozrunner::runner	INFO	Running command: "/Applications/Firefox.app/Contents/MacOS/firefox-bin" "-marionette" "-profile" "/var/folders/3l/b89mc68x1wgc75399cb0tbdm0000gn/T/rust_mozprofile.j64v2cjpLjdu"
2018-09-07 14:44:13.825 plugin-container[18933:1083262] *** CFMessagePort: bootstrap_register(): failed 1100 (0x44c) 'Permission denied', port = 0x8a3f, name = 'com.apple.tsm.portname'
See /usr/include/servers/bootstrap_defs.h for the error codes.
2018-09-07 14:44:13.826 plugin-container[18928:1083203] *** CFMessagePort: bootstrap_register(): failed 1100 (0x44c) 'Permission denied', port = 0x7403, name = 'com.apple.tsm.portname'
See /usr/include/servers/bootstrap_defs.h for the error codes.
1536302654219	geckodriver	INFO	geckodriver 0.19.1
1536302654234	geckodriver	INFO	Listening on 127.0.0.1:53647
1536302654269	Marionette	INFO	Listening on port 52694
1536302655217	Marionette	WARN	TLS certificate errors will be ignored for this session
1536302655651	Marionette	DEBUG	[4294967297] Frame script loaded
1536302655946	Marionette	DEBUG	[4294967297] Frame script registered
1536302656170	Marionette	DEBUG	[4294967297] Received DOM event beforeunload for about:blank
2018-09-07 14:44:16.720 plugin-container[18936:1083428] *** CFMessagePort: bootstrap_register(): failed 1100 (0x44c) 'Permission denied', port = 0x7743, name = 'com.apple.tsm.portname'
See /usr/include/servers/bootstrap_defs.h for the error codes.
2018-09-07 14:44:17.422 plugin-container[18934:1083374] *** CFMessagePort: bootstrap_register(): failed 1100 (0x44c) 'Permission denied', port = 0x8b3f, name = 'com.apple.tsm.portname'
See /usr/include/servers/bootstrap_defs.h for the error codes.
1536302658309	mozrunner::runner	INFO	Running command: "/Applications/Firefox.app/Contents/MacOS/firefox-bin" "-marionette" "-profile" "/var/folders/3l/b89mc68x1wgc75399cb0tbdm0000gn/T/rust_mozprofile.sPpSE2OROrKp"
1536302660288	Marionette	INFO	Listening on port 52866
2018-09-07 14:44:20.438 plugin-container[18942:1083587] *** CFMessagePort: bootstrap_register(): failed 1100 (0x44c) 'Permission denied', port = 0x883f, name = 'com.apple.tsm.portname'
See /usr/include/servers/bootstrap_defs.h for the error codes.
1536302660916	Marionette	WARN	TLS certificate errors will be ignored for this session
1536302661528	Marionette	DEBUG	[4294967297] Frame script loaded
1536302661695	Marionette	DEBUG	[4294967297] Frame script registered
2018-09-07 14:44:22.961 plugin-container[18945:1083735] *** CFMessagePort: bootstrap_register(): failed 1100 (0x44c) 'Permission denied', port = 0x6d07, name = 'com.apple.tsm.portname'
See /usr/include/servers/bootstrap_defs.h for the error codes.
1536302663041	Marionette	DEBUG	[4294967297] Received DOM event beforeunload for about:blank
2018-09-07 14:44:24.331 plugin-container[18944:1083730] *** CFMessagePort: bootstrap_register(): failed 1100 (0x44c) 'Permission denied', port = 0x710b, name = 'com.apple.tsm.portname'
See /usr/include/servers/bootstrap_defs.h for the error codes.
2018-09-07 14:44:25.826 plugin-container[18946:1083863] *** CFMessagePort: bootstrap_register(): failed 1100 (0x44c) 'Permission denied', port = 0x833f, name = 'com.apple.tsm.portname'
See /usr/include/servers/bootstrap_defs.h for the error codes.
2018-09-07 14:44:28.291 plugin-container[18949:1084026] *** CFMessagePort: bootstrap_register(): failed 1100 (0x44c) 'Permission denied', port = 0x6c3f, name = 'com.apple.tsm.portname'
See /usr/include/servers/bootstrap_defs.h for the error codes.
2018-09-07 14:44:28.612 plugin-container[18948:1083998] *** CFMessagePort: bootstrap_register(): failed 1100 (0x44c) 'Permission denied', port = 0x7447, name = 'com.apple.tsm.portname'
See /usr/include/servers/bootstrap_defs.h for the error codes.
1536302671720	Marionette	INFO	Listening on port 53089
2018-09-07 14:44:31.936 plugin-container[18950:1084173] *** CFMessagePort: bootstrap_register(): failed 1100 (0x44c) 'Permission denied', port = 0x893f, name = 'com.apple.tsm.portname'
See /usr/include/servers/bootstrap_defs.h for the error codes.
1536302672409	Marionette	WARN	TLS certificate errors will be ignored for this session
1536302672887	Marionette	DEBUG	[4294967297] Frame script loaded
1536302673041	Marionette	DEBUG	[4294967297] Frame script registered
1536302673888	Marionette	DEBUG	[4294967297] Received DOM event beforeunload for about:blank
2018-09-07 14:44:35.548 plugin-container[18951:1084290] *** CFMessagePort: bootstrap_register(): failed 1100 (0x44c) 'Permission denied', port = 0x7947, name = 'com.apple.tsm.portname'
See /usr/include/servers/bootstrap_defs.h for the error codes.
1536302677001	Marionette	INFO	Listening on port 53299
1536302677295	Marionette	WARN	TLS certificate errors will be ignored for this session
1536302678007	Marionette	INFO	Stopped listening on port 51882
JavaScript error: resource://gre/modules/osfile/osfile_async_front.jsm, line 408: Error: OS.File has been shut down. Rejecting post to writeAtomic
1536302678445	Marionette	DEBUG	[4294967297] Frame script loaded
1536302678677	Marionette	DEBUG	[4294967297] Frame script registered
1536302679020	Marionette	DEBUG	[4294967297] Received DOM event beforeunload for about:blank
1536302679028	Marionette	DEBUG	[4294967297] Received DOM event pagehide for about:blank
1536302679108	Marionette	DEBUG	[4294967297] Received DOM event beforeunload for about:blank
1536302679490	Marionette	DEBUG	[4294967297] Received DOM event beforeunload for about:blank
1536302679492	Marionette	DEBUG	[4294967297] Received DOM event pagehide for about:blank
2018-09-07 14:44:39.810 plugin-container[18953:1084430] *** CFMessagePort: bootstrap_register(): failed 1100 (0x44c) 'Permission denied', port = 0x6e43, name = 'com.apple.tsm.portname'
See /usr/include/servers/bootstrap_defs.h for the error codes.
2018-09-07 14:44:40.320 plugin-container[18954:1084441] *** CFMessagePort: bootstrap_register(): failed 1100 (0x44c) 'Permission denied', port = 0x7743, name = 'com.apple.tsm.portname'
See /usr/include/servers/bootstrap_defs.h for the error codes.
1536302680621	Marionette	DEBUG	[4294967297] Received DOM event DOMContentLoaded for about:neterror?e=connectionFailure&u=http%3A//pms.sustc.edu.cn/&c=UTF-8&f=regular&d=Firefox%20can%E2%80%99t%20establish%20a%20connection%20to%20the%20server%20at%20pms.sustc.edu.cn.
2018-09-07 14:44:40.807 plugin-container[18952:1084429] *** CFMessagePort: bootstrap_register(): failed 1100 (0x44c) 'Permission denied', port = 0x7803, name = 'com.apple.tsm.portname'
See /usr/include/servers/bootstrap_defs.h for the error codes.
1536302680975	Marionette	DEBUG	[4294967297] Received DOM event DOMContentLoaded for about:neterror?e=connectionFailure&u=http%3A//pms.sustc.edu.cn/&c=UTF-8&f=regular&d=Firefox%20can%E2%80%99t%20establish%20a%20connection%20to%20the%20server%20at%20pms.sustc.edu.cn.
1536302682546	Marionette	DEBUG	[4294967297] Received DOM event beforeunload for about:blank
1536302682554	Marionette	DEBUG	[4294967297] Received DOM event pagehide for about:blank
1536302683314	Marionette	DEBUG	[4294967297] Received DOM event beforeunload for about:blank
1536302683316	Marionette	DEBUG	[4294967297] Received DOM event pagehide for about:blank
1536302684078	Marionette	DEBUG	[4294967297] Received DOM event DOMContentLoaded for about:neterror?e=connectionFailure&u=http%3A//pms.sustc.edu.cn/&c=UTF-8&f=regular&d=Firefox%20can%E2%80%99t%20establish%20a%20connection%20to%20the%20server%20at%20pms.sustc.edu.cn.
1536302684474	Marionette	DEBUG	[4294967297] Received DOM event DOMContentLoaded for about:neterror?e=connectionFailure&u=http%3A//pms.sustc.edu.cn/&c=UTF-8&f=regular&d=Firefox%20can%E2%80%99t%20establish%20a%20connection%20to%20the%20server%20at%20pms.sustc.edu.cn.
2018-09-07 14:44:44.948 plugin-container[18955:1084668] *** CFMessagePort: bootstrap_register(): failed 1100 (0x44c) 'Permission denied', port = 0x8843, name = 'com.apple.tsm.portname'
See /usr/include/servers/bootstrap_defs.h for the error codes.
1536302684966	Marionette	DEBUG	[4294967297] Received DOM event beforeunload for about:blank
1536302684972	Marionette	DEBUG	[4294967297] Received DOM event pagehide for about:blank
1536302685929	Marionette	DEBUG	[4294967297] Received DOM event DOMContentLoaded for about:neterror?e=connectionFailure&u=http%3A//pms.sustc.edu.cn/&c=UTF-8&f=regular&d=Firefox%20can%E2%80%99t%20establish%20a%20connection%20to%20the%20server%20at%20pms.sustc.edu.cn.
1536302687612	Marionette	INFO	Listening on port 53576
1536302687735	Marionette	WARN	TLS certificate errors will be ignored for this session
1536302687928	Marionette	INFO	Listening on port 53760
1536302687953	Marionette	DEBUG	[4294967297] Frame script loaded
1536302688101	Marionette	DEBUG	[4294967297] Frame script registered
1536302688216	Marionette	WARN	TLS certificate errors will be ignored for this session
1536302688358	Marionette	DEBUG	[4294967297] Received DOM event beforeunload for about:blank
1536302688373	Marionette	DEBUG	[4294967297] Frame script loaded
1536302688416	Marionette	DEBUG	[4294967297] Frame script registered
1536302688666	Marionette	DEBUG	[4294967297] Received DOM event beforeunload for about:blank
1536302688668	Marionette	DEBUG	[4294967297] Received DOM event pagehide for about:blank
1536302688686	Marionette	DEBUG	[4294967297] Received DOM event beforeunload for about:blank
1536302688791	Marionette	DEBUG	[4294967297] Received DOM event beforeunload for about:blank
1536302688795	Marionette	DEBUG	[4294967297] Received DOM event pagehide for about:blank
2018-09-07 14:44:49.330 plugin-container[18957:1084919] *** CFMessagePort: bootstrap_register(): failed 1100 (0x44c) 'Permission denied', port = 0x7547, name = 'com.apple.tsm.portname'
See /usr/include/servers/bootstrap_defs.h for the error codes.
1536302689462	Marionette	DEBUG	[4294967297] Received DOM event DOMContentLoaded for about:neterror?e=connectionFailure&u=http%3A//pms.sustc.edu.cn/&c=UTF-8&f=regular&d=Firefox%20can%E2%80%99t%20establish%20a%20connection%20to%20the%20server%20at%20pms.sustc.edu.cn.
1536302689521	Marionette	DEBUG	[4294967297] Received DOM event DOMContentLoaded for about:neterror?e=connectionFailure&u=http%3A//pms.sustc.edu.cn/&c=UTF-8&f=regular&d=Firefox%20can%E2%80%99t%20establish%20a%20connection%20to%20the%20server%20at%20pms.sustc.edu.cn.
2018-09-07 14:44:51.954 plugin-container[18959:1084992] *** CFMessagePort: bootstrap_register(): failed 1100 (0x44c) 'Permission denied', port = 0x8a03, name = 'com.apple.tsm.portname'
See /usr/include/servers/bootstrap_defs.h for the error codes.
1536302692061	Marionette	DEBUG	[4294967297] Received DOM event beforeunload for about:blank
1536302692067	Marionette	DEBUG	[4294967297] Received DOM event pagehide for about:blank
1536302692612	Marionette	DEBUG	[4294967297] Received DOM event DOMContentLoaded for about:neterror?e=connectionFailure&u=http%3A//pms.sustc.edu.cn/&c=UTF-8&f=regular&d=Firefox%20can%E2%80%99t%20establish%20a%20connection%20to%20the%20server%20at%20pms.sustc.edu.cn.
1536302710233	Marionette	INFO	Stopped listening on port 51968
1536302711874	Marionette	INFO	Stopped listening on port 52006
1536302713772	Marionette	INFO	Stopped listening on port 52079
1536302714833	Marionette	INFO	Stopped listening on port 52411
1536302716327	Marionette	INFO	Stopped listening on port 52514
1536302717243	Marionette	INFO	Stopped listening on port 52694
1536302718023	Marionette	INFO	Stopped listening on port 52866
1536302719502	Marionette	INFO	Stopped listening on port 53299
1536302721517	Marionette	INFO	Stopped listening on port 53576
1536302722329	Marionette	INFO	Stopped listening on port 53089
1536302723250	Marionette	INFO	Stopped listening on port 53760
1536302789579	geckodriver	INFO	geckodriver 0.19.1
1536302789584	geckodriver	INFO	Listening on 127.0.0.1:54790
1536302790666	mozrunner::runner	INFO	Running command: "/Applications/Firefox.app/Contents/MacOS/firefox-bin" "-marionette" "-profile" "/var/folders/3l/b89mc68x1wgc75399cb0tbdm0000gn/T/rust_mozprofile.OulNMyIxDRHL"
2018-09-07 14:46:32.577 plugin-container[19300:1087197] *** CFMessagePort: bootstrap_register(): failed 1100 (0x44c) 'Permission denied', port = 0x7247, name = 'com.apple.tsm.portname'
See /usr/include/servers/bootstrap_defs.h for the error codes.
2018-09-07 14:46:32.903 plugin-container[19301:1087219] *** CFMessagePort: bootstrap_register(): failed 1100 (0x44c) 'Permission denied', port = 0x7f47, name = 'com.apple.tsm.portname'
See /usr/include/servers/bootstrap_defs.h for the error codes.
1536302793371	Marionette	INFO	Listening on port 54797
1536302793390	Marionette	WARN	TLS certificate errors will be ignored for this session
1536302793463	Marionette	DEBUG	[4294967297] Frame script loaded
1536302793475	Marionette	DEBUG	[4294967297] Frame script registered
1536302793539	Marionette	DEBUG	[4294967297] Received DOM event beforeunload for about:blank
1536302793579	Marionette	DEBUG	[4294967297] Received DOM event pagehide for about:blank
2018-09-07 14:46:34.068 plugin-container[19302:1087310] *** CFMessagePort: bootstrap_register(): failed 1100 (0x44c) 'Permission denied', port = 0x8937, name = 'com.apple.tsm.portname'
See /usr/include/servers/bootstrap_defs.h for the error codes.
1536302794228	Marionette	DEBUG	[4294967297] Received DOM event DOMContentLoaded for http://pms.sustc.edu.cn/
1536302794603	Marionette	DEBUG	[4294967297] Received DOM event pageshow for http://pms.sustc.edu.cn/
1536302794952	Marionette	DEBUG	[4294967297] Canceled page load listener because no navigation has been detected
1536302796386	Marionette	DEBUG	[4294967297] Canceled page load listener because no navigation has been detected
1536302796397	Marionette	DEBUG	[4294967297] Received DOM event beforeunload for http://pms.sustc.edu.cn/
1536302796410	Marionette	DEBUG	[4294967297] Received DOM event pagehide for http://pms.sustc.edu.cn/
1536302796410	Marionette	DEBUG	[4294967297] Received DOM event unload for http://pms.sustc.edu.cn/
1536302796507	Marionette	DEBUG	[4294967297] Received observer notification outer-window-destroyed for 4294967301
1536302796687	Marionette	DEBUG	[4294967297] Received DOM event DOMContentLoaded for http://pms.sustc.edu.cn/
1536302796796	Marionette	DEBUG	[4294967297] Received DOM event pageshow for http://pms.sustc.edu.cn/
1536302797089	Marionette	DEBUG	[4294967297] Canceled page load listener because no navigation has been detected
1536302799376	Marionette	DEBUG	[4294967297] Canceled page load listener because no navigation has been detected
1536302799391	Marionette	DEBUG	[4294967297] Received DOM event beforeunload for http://pms.sustc.edu.cn/upload.aspx?sid=636719283961427739
1536302802010	Marionette	DEBUG	[4294967297] Received DOM event pagehide for http://pms.sustc.edu.cn/upload.aspx?sid=636719283961427739
1536302802011	Marionette	DEBUG	[4294967297] Received DOM event unload for http://pms.sustc.edu.cn/upload.aspx?sid=636719283961427739
1536302802081	Marionette	DEBUG	[4294967297] Received DOM event DOMContentLoaded for http://pms.sustc.edu.cn/upload.aspx?sid=636719283961427739
1536302802164	Marionette	DEBUG	[4294967297] Received DOM event pageshow for http://pms.sustc.edu.cn/upload.aspx?sid=636719283961427739
[GFX1-]: Receive IPC close with reason=AbnormalShutdown
1536302809235	geckodriver	INFO	geckodriver 0.19.1
1536302809240	geckodriver	INFO	Listening on 127.0.0.1:54895
1536302810349	mozrunner::runner	INFO	Running command: "/Applications/Firefox.app/Contents/MacOS/firefox-bin" "-marionette" "-profile" "/var/folders/3l/b89mc68x1wgc75399cb0tbdm0000gn/T/rust_mozprofile.Cn2inxfYpZFo"
2018-09-07 14:46:51.968 plugin-container[19410:1087885] *** CFMessagePort: bootstrap_register(): failed 1100 (0x44c) 'Permission denied', port = 0x7147, name = 'com.apple.tsm.portname'
See /usr/include/servers/bootstrap_defs.h for the error codes.
2018-09-07 14:46:52.368 plugin-container[19411:1087910] *** CFMessagePort: bootstrap_register(): failed 1100 (0x44c) 'Permission denied', port = 0x7547, name = 'com.apple.tsm.portname'
See /usr/include/servers/bootstrap_defs.h for the error codes.
1536302812761	Marionette	INFO	Listening on port 54905
1536302812868	Marionette	WARN	TLS certificate errors will be ignored for this session
1536302812924	Marionette	DEBUG	[4294967297] Frame script loaded
1536302812934	Marionette	DEBUG	[4294967297] Frame script registered
1536302812961	Marionette	DEBUG	[4294967297] Received DOM event beforeunload for about:blank
1536302812985	Marionette	DEBUG	[4294967297] Received DOM event pagehide for about:blank
2018-09-07 14:46:53.399 plugin-container[19412:1088011] *** CFMessagePort: bootstrap_register(): failed 1100 (0x44c) 'Permission denied', port = 0x7247, name = 'com.apple.tsm.portname'
See /usr/include/servers/bootstrap_defs.h for the error codes.
1536302813503	Marionette	DEBUG	[4294967297] Received DOM event DOMContentLoaded for http://pms.sustc.edu.cn/
1536302813857	Marionette	DEBUG	[4294967297] Received DOM event pageshow for http://pms.sustc.edu.cn/
1536302814190	Marionette	DEBUG	[4294967297] Canceled page load listener because no navigation has been detected
1536302815650	Marionette	DEBUG	[4294967297] Canceled page load listener because no navigation has been detected
1536302815660	Marionette	DEBUG	[4294967297] Received DOM event beforeunload for http://pms.sustc.edu.cn/
1536302815666	geckodriver	INFO	geckodriver 0.19.1
1536302815682	geckodriver	INFO	Listening on 127.0.0.1:54983
1536302815683	Marionette	DEBUG	[4294967297] Received DOM event pagehide for http://pms.sustc.edu.cn/
1536302815684	Marionette	DEBUG	[4294967297] Received DOM event unload for http://pms.sustc.edu.cn/
1536302815793	Marionette	DEBUG	[4294967297] Received observer notification outer-window-destroyed for 4294967301
1536302815878	Marionette	DEBUG	[4294967297] Received DOM event DOMContentLoaded for http://pms.sustc.edu.cn/
1536302815925	Marionette	DEBUG	[4294967297] Received DOM event pageshow for http://pms.sustc.edu.cn/
1536302816201	Marionette	DEBUG	[4294967297] Canceled page load listener because no navigation has been detected
1536302816770	mozrunner::runner	INFO	Running command: "/Applications/Firefox.app/Contents/MacOS/firefox-bin" "-marionette" "-profile" "/var/folders/3l/b89mc68x1wgc75399cb0tbdm0000gn/T/rust_mozprofile.1yuQUcek3nJH"
1536302817602	geckodriver	INFO	geckodriver 0.19.1
1536302817609	geckodriver	INFO	Listening on 127.0.0.1:55013
1536302817871	mozrunner::runner	INFO	Running command: "/Applications/Firefox.app/Contents/MacOS/firefox-bin" "-marionette" "-profile" "/var/folders/3l/b89mc68x1wgc75399cb0tbdm0000gn/T/rust_mozprofile.To9TjBRMKnQy"
1536302818543	Marionette	DEBUG	[4294967297] Canceled page load listener because no navigation has been detected
1536302818604	Marionette	DEBUG	[4294967297] Received DOM event beforeunload for http://pms.sustc.edu.cn/upload.aspx?sid=636719284154216489
2018-09-07 14:46:59.728 plugin-container[19439:1088294] *** CFMessagePort: bootstrap_register(): failed 1100 (0x44c) 'Permission denied', port = 0x773f, name = 'com.apple.tsm.portname'
See /usr/include/servers/bootstrap_defs.h for the error codes.
1536302820124	geckodriver	INFO	geckodriver 0.19.1
1536302820132	geckodriver	INFO	Listening on 127.0.0.1:55119
2018-09-07 14:47:00.431 plugin-container[19441:1088401] *** CFMessagePort: bootstrap_register(): failed 1100 (0x44c) 'Permission denied', port = 0x7a0b, name = 'com.apple.tsm.portname'
See /usr/include/servers/bootstrap_defs.h for the error codes.
1536302820482	mozrunner::runner	INFO	Running command: "/Applications/Firefox.app/Contents/MacOS/firefox-bin" "-marionette" "-profile" "/var/folders/3l/b89mc68x1wgc75399cb0tbdm0000gn/T/rust_mozprofile.OFSdiJJqsaWA"
1536302821345	Marionette	DEBUG	[4294967297] Received DOM event pagehide for http://pms.sustc.edu.cn/upload.aspx?sid=636719284154216489
1536302821345	Marionette	DEBUG	[4294967297] Received DOM event unload for http://pms.sustc.edu.cn/upload.aspx?sid=636719284154216489
1536302821426	Marionette	DEBUG	[4294967297] Received DOM event DOMContentLoaded for http://pms.sustc.edu.cn/upload.aspx?sid=636719284154216489
1536302821668	Marionette	DEBUG	[4294967297] Received DOM event pageshow for http://pms.sustc.edu.cn/upload.aspx?sid=636719284154216489
1536302822450	Marionette	INFO	Listening on port 54993
1536302822538	Marionette	WARN	TLS certificate errors will be ignored for this session
1536302822651	Marionette	DEBUG	[4294967297] Frame script loaded
1536302822661	Marionette	DEBUG	[4294967297] Frame script registered
1536302822762	Marionette	DEBUG	[4294967297] Received DOM event beforeunload for about:blank
1536302822960	Marionette	DEBUG	[4294967297] Received DOM event pagehide for about:blank
2018-09-07 14:47:03.441 plugin-container[19448:1088644] *** CFMessagePort: bootstrap_register(): failed 1100 (0x44c) 'Permission denied', port = 0x7347, name = 'com.apple.tsm.portname'
See /usr/include/servers/bootstrap_defs.h for the error codes.
1536302824418	Marionette	DEBUG	[4294967297] Received DOM event DOMContentLoaded for http://pms.sustc.edu.cn/
2018-09-07 14:47:04.608 plugin-container[19449:1088682] *** CFMessagePort: bootstrap_register(): failed 1100 (0x44c) 'Permission denied', port = 0x893f, name = 'com.apple.tsm.portname'
See /usr/include/servers/bootstrap_defs.h for the error codes.
1536302825493	Marionette	DEBUG	[4294967297] Received DOM event pageshow for http://pms.sustc.edu.cn/
2018-09-07 14:47:06.017 plugin-container[19450:1088761] *** CFMessagePort: bootstrap_register(): failed 1100 (0x44c) 'Permission denied', port = 0x6f07, name = 'com.apple.tsm.portname'
See /usr/include/servers/bootstrap_defs.h for the error codes.
1536302826118	Marionette	DEBUG	[4294967297] Canceled page load listener because no navigation has been detected
1536302827614	Marionette	DEBUG	[4294967297] Canceled page load listener because no navigation has been detected
1536302827717	Marionette	DEBUG	[4294967297] Received DOM event beforeunload for http://pms.sustc.edu.cn/
1536302827741	Marionette	DEBUG	[4294967297] Received DOM event pagehide for http://pms.sustc.edu.cn/
1536302827742	Marionette	DEBUG	[4294967297] Received DOM event unload for http://pms.sustc.edu.cn/
1536302827901	Marionette	DEBUG	[4294967297] Received observer notification outer-window-destroyed for 4294967301
1536302827920	Marionette	INFO	Listening on port 55024
1536302827972	Marionette	WARN	TLS certificate errors will be ignored for this session
1536302828167	Marionette	DEBUG	[4294967297] Frame script loaded
1536302828179	Marionette	DEBUG	[4294967297] Received DOM event DOMContentLoaded for http://pms.sustc.edu.cn/
1536302828315	Marionette	DEBUG	[4294967297] Frame script registered
1536302828369	Marionette	DEBUG	[4294967297] Received DOM event beforeunload for about:blank
1536302828429	Marionette	DEBUG	[4294967297] Received DOM event pageshow for http://pms.sustc.edu.cn/
1536302828607	Marionette	DEBUG	[4294967297] Received DOM event pagehide for about:blank
1536302828986	Marionette	DEBUG	[4294967297] Canceled page load listener because no navigation has been detected
2018-09-07 14:47:09.245 plugin-container[19451:1088925] *** CFMessagePort: bootstrap_register(): failed 1100 (0x44c) 'Permission denied', port = 0x710b, name = 'com.apple.tsm.portname'
See /usr/include/servers/bootstrap_defs.h for the error codes.
2018-09-07 14:47:10.118 plugin-container[19452:1088927] *** CFMessagePort: bootstrap_register(): failed 1100 (0x44c) 'Permission denied', port = 0x7747, name = 'com.apple.tsm.portname'
See /usr/include/servers/bootstrap_defs.h for the error codes.
1536302830532	Marionette	DEBUG	[4294967297] Received DOM event DOMContentLoaded for http://pms.sustc.edu.cn/
1536302830884	Marionette	DEBUG	[4294967297] Received DOM event pageshow for http://pms.sustc.edu.cn/
1536302831444	Marionette	DEBUG	[4294967297] Canceled page load listener because no navigation has been detected
1536302831571	Marionette	DEBUG	[4294967297] Received DOM event beforeunload for http://pms.sustc.edu.cn/upload.aspx?sid=636719284273865694
1536302831796	Marionette	DEBUG	[4294967297] Canceled page load listener because no navigation has been detected
2018-09-07 14:47:11.950 plugin-container[19453:1088994] *** CFMessagePort: bootstrap_register(): failed 1100 (0x44c) 'Permission denied', port = 0x733f, name = 'com.apple.tsm.portname'
See /usr/include/servers/bootstrap_defs.h for the error codes.
1536302832698	Marionette	INFO	Listening on port 55137
1536302832941	Marionette	WARN	TLS certificate errors will be ignored for this session
1536302833074	Marionette	DEBUG	[4294967297] Frame script loaded
1536302833119	Marionette	DEBUG	[4294967297] Frame script registered
1536302833325	Marionette	DEBUG	[4294967297] Canceled page load listener because no navigation has been detected
1536302833424	Marionette	DEBUG	[4294967297] Received DOM event beforeunload for about:blank
1536302833448	Marionette	DEBUG	[4294967297] Received DOM event pagehide for about:blank
2018-09-07 14:47:13.484 plugin-container[19454:1089132] *** CFMessagePort: bootstrap_register(): failed 1100 (0x44c) 'Permission denied', port = 0x8c0b, name = 'com.apple.tsm.portname'
See /usr/include/servers/bootstrap_defs.h for the error codes.
1536302833590	Marionette	DEBUG	[4294967297] Received DOM event beforeunload for http://pms.sustc.edu.cn/
1536302833825	Marionette	DEBUG	[4294967297] Received DOM event pagehide for http://pms.sustc.edu.cn/
1536302833828	Marionette	DEBUG	[4294967297] Received DOM event unload for http://pms.sustc.edu.cn/
1536302834218	Marionette	DEBUG	[4294967297] Received observer notification outer-window-destroyed for 4294967301
1536302834609	Marionette	DEBUG	[4294967297] Received DOM event DOMContentLoaded for http://pms.sustc.edu.cn/
1536302835043	Marionette	DEBUG	[4294967297] Received DOM event pageshow for http://pms.sustc.edu.cn/
1536302835117	Marionette	DEBUG	[4294967297] Received DOM event DOMContentLoaded for http://pms.sustc.edu.cn/
1536302835383	Marionette	DEBUG	[4294967297] Canceled page load listener because no navigation has been detected
1536302835669	Marionette	DEBUG	[4294967297] Received DOM event pageshow for http://pms.sustc.edu.cn/
1536302836106	Marionette	DEBUG	[4294967297] Received DOM event pagehide for http://pms.sustc.edu.cn/upload.aspx?sid=636719284273865694
1536302836107	Marionette	DEBUG	[4294967297] Received DOM event unload for http://pms.sustc.edu.cn/upload.aspx?sid=636719284273865694
1536302836190	Marionette	DEBUG	[4294967297] Received DOM event DOMContentLoaded for http://pms.sustc.edu.cn/upload.aspx?sid=636719284273865694
1536302836442	Marionette	DEBUG	[4294967297] Received DOM event pageshow for http://pms.sustc.edu.cn/upload.aspx?sid=636719284273865694
1536302836758	Marionette	DEBUG	[4294967297] Canceled page load listener because no navigation has been detected
1536302837861	Marionette	DEBUG	[4294967297] Canceled page load listener because no navigation has been detected
1536302837984	Marionette	DEBUG	[4294967297] Received DOM event beforeunload for http://pms.sustc.edu.cn/upload.aspx?sid=636719284330921149
JavaScript error: resource://gre/modules/AutoCompletePopup.jsm, line 161: TypeError: Services.focus.focusedWindow is null
JavaScript error: resource://gre/modules/AutoCompletePopup.jsm, line 161: TypeError: Services.focus.focusedWindow is null
1536302838652	Marionette	DEBUG	[4294967297] Canceled page load listener because no navigation has been detected
1536302838706	Marionette	DEBUG	[4294967297] Received DOM event beforeunload for http://pms.sustc.edu.cn/
1536302838748	Marionette	DEBUG	[4294967297] Received DOM event pagehide for http://pms.sustc.edu.cn/
1536302838749	Marionette	DEBUG	[4294967297] Received DOM event unload for http://pms.sustc.edu.cn/
1536302838979	Marionette	DEBUG	[4294967297] Received observer notification outer-window-destroyed for 4294967301
2018-09-07 14:47:19.066 plugin-container[19455:1089202] *** CFMessagePort: bootstrap_register(): failed 1100 (0x44c) 'Permission denied', port = 0x7447, name = 'com.apple.tsm.portname'
See /usr/include/servers/bootstrap_defs.h for the error codes.
1536302839309	Marionette	DEBUG	[4294967297] Received DOM event DOMContentLoaded for http://pms.sustc.edu.cn/
1536302839463	Marionette	DEBUG	[4294967297] Received DOM event pageshow for http://pms.sustc.edu.cn/
1536302840054	Marionette	DEBUG	[4294967297] Canceled page load listener because no navigation has been detected
1536302842262	Marionette	DEBUG	[4294967297] Received DOM event pagehide for http://pms.sustc.edu.cn/upload.aspx?sid=636719284330921149
1536302842262	Marionette	DEBUG	[4294967297] Received DOM event unload for http://pms.sustc.edu.cn/upload.aspx?sid=636719284330921149
1536302842349	Marionette	DEBUG	[4294967297] Received DOM event DOMContentLoaded for http://pms.sustc.edu.cn/upload.aspx?sid=636719284330921149
1536302842389	Marionette	DEBUG	[4294967297] Canceled page load listener because no navigation has been detected
1536302842404	Marionette	DEBUG	[4294967297] Received DOM event pageshow for http://pms.sustc.edu.cn/upload.aspx?sid=636719284330921149
1536302842427	Marionette	DEBUG	[4294967297] Received DOM event beforeunload for http://pms.sustc.edu.cn/upload.aspx?sid=636719284384220979
1536302846469	Marionette	DEBUG	[4294967297] Received DOM event beforeunload for http://pms.sustc.edu.cn/
1536302846490	Marionette	DEBUG	[4294967297] Received DOM event pagehide for http://pms.sustc.edu.cn/
1536302846491	Marionette	DEBUG	[4294967297] Received DOM event unload for http://pms.sustc.edu.cn/
1536302846659	Marionette	DEBUG	[4294967297] Received DOM event pagehide for http://pms.sustc.edu.cn/upload.aspx?sid=636719284384220979
1536302846662	Marionette	DEBUG	[4294967297] Received DOM event unload for http://pms.sustc.edu.cn/upload.aspx?sid=636719284384220979
1536302846696	Marionette	DEBUG	[4294967297] Received observer notification outer-window-destroyed for 4294967305
1536302846772	Marionette	DEBUG	[4294967297] Received DOM event DOMContentLoaded for http://pms.sustc.edu.cn/upload.aspx?sid=636719284384220979
1536302846839	Marionette	DEBUG	[4294967297] Received DOM event DOMContentLoaded for http://pms.sustc.edu.cn/
1536302846921	Marionette	DEBUG	[4294967297] Received DOM event pageshow for http://pms.sustc.edu.cn/upload.aspx?sid=636719284384220979
1536302846995	Marionette	DEBUG	[4294967297] Received DOM event pageshow for http://pms.sustc.edu.cn/
1536302847784	Marionette	DEBUG	[4294967297] Canceled page load listener because no navigation has been detected
1536302852418	Marionette	DEBUG	[4294967297] Received DOM event beforeunload for http://pms.sustc.edu.cn/
1536302852431	Marionette	DEBUG	[4294967297] Received DOM event pagehide for http://pms.sustc.edu.cn/
1536302852431	Marionette	DEBUG	[4294967297] Received DOM event unload for http://pms.sustc.edu.cn/
1536302852535	Marionette	DEBUG	[4294967297] Received observer notification outer-window-destroyed for 4294967305
1536302852653	Marionette	DEBUG	[4294967297] Received DOM event DOMContentLoaded for http://pms.sustc.edu.cn/
1536302852730	Marionette	DEBUG	[4294967297] Received DOM event pageshow for http://pms.sustc.edu.cn/
1536302853026	Marionette	DEBUG	[4294967297] Canceled page load listener because no navigation has been detected
1536302856953	Marionette	DEBUG	[4294967297] Received DOM event beforeunload for http://pms.sustc.edu.cn/
1536302856982	Marionette	DEBUG	[4294967297] Received DOM event pagehide for http://pms.sustc.edu.cn/
1536302856986	Marionette	DEBUG	[4294967297] Received DOM event unload for http://pms.sustc.edu.cn/
1536302857340	Marionette	DEBUG	[4294967297] Received observer notification outer-window-destroyed for 4294967305
1536302857433	Marionette	DEBUG	[4294967297] Received DOM event DOMContentLoaded for http://pms.sustc.edu.cn/
1536302857615	Marionette	DEBUG	[4294967297] Received DOM event pageshow for http://pms.sustc.edu.cn/
1536302858009	Marionette	DEBUG	[4294967297] Canceled page load listener because no navigation has been detected
objc[19446]: Class FIFinderSyncExtensionHost is implemented in both /System/Library/PrivateFrameworks/FinderKit.framework/Versions/A/FinderKit (0x7fff99f4fc90) and /System/Library/PrivateFrameworks/FileProvider.framework/OverrideBundles/FinderSyncCollaborationFileProviderOverride.bundle/Contents/MacOS/FinderSyncCollaborationFileProviderOverride (0x1604c6cd8). One of the two will be used. Which one is undefined.
1536303063197	Marionette	INFO	Stopped listening on port 54905
1536303065108	Marionette	INFO	Stopped listening on port 54993
1536303068306	Marionette	INFO	Stopped listening on port 55024
1536461063572	addons.productaddons	WARN	Failed downloading XML, status: 0, reason: error
1536461063708	addons.productaddons	WARN	Failed downloading via XHR, status: 0, reason: error
1536461063715	addons.productaddons	WARN	Failed downloading via XHR, status: 0, reason: error
1536461060479	Marionette	DEBUG	[6442450945] Frame script loaded
1536461060480	Marionette	DEBUG	[6442450945] Frame script registered
2018-09-09 10:44:21.921 plugin-container[20684:1102867] *** CFMessagePort: bootstrap_register(): failed 1100 (0x44c) 'Permission denied', port = 0x8c03, name = 'com.apple.tsm.portname'
See /usr/include/servers/bootstrap_defs.h for the error codes.
